<?xml version="1.0" encoding="UTF-8"?>
<!-- Generated by org.testng.reporters.JUnitReportReporter -->
<testsuite hostname="DESKTOP-FF9S3V8" failures="0" tests="1" name="AmazonTestCases.TestCases" time="14.244" errors="0" timestamp="2024-08-12T12:00:08 EDT" skipped="0">
  <testcase classname="AmazonTestCases.TestCases" name="TC04" time="14.244"/>
</testsuite> <!-- AmazonTestCases.TestCases -->
